<?xml version="1.0" ?>
<testsuites disabled="0" errors="0" failures="0" tests="7" time="2.769864082336426">
	<testsuite disabled="0" errors="0" failures="0" name="EnsureNotBeingAnOpenRelayTest" skipped="0" tests="7" time="2.769864082336426">
		<testcase classname="/Users/ich/repos/chkpnt-mailserver/tests/tests/_prepare/client.yml:5" name="[client] Prepare client: shell _raw_params=&gt; ~/dead.letter" time="0.569537">
			<system-out>{
&quot;ansible_facts&quot;: {
&quot;discovered_interpreter_python&quot;: &quot;/usr/bin/python&quot;
},
&quot;changed&quot;: true,
&quot;cmd&quot;: &quot;&gt; ~/dead.letter&quot;,
&quot;delta&quot;: &quot;0:00:00.002713&quot;,
&quot;end&quot;: &quot;2020-04-19 23:42:53.258172&quot;,
&quot;rc&quot;: 0,
&quot;start&quot;: &quot;2020-04-19 23:42:53.255459&quot;,
&quot;stderr&quot;: &quot;&quot;,
&quot;stderr_lines&quot;: [],
&quot;stdout&quot;: &quot;&quot;,
&quot;stdout_lines&quot;: [],
&quot;warnings&quot;: [
&quot;Platform linux on host client is using the discovered Python interpreter at /usr/bin/python, but future installation of another Python interpreter could change this. See https://docs.ansible.com/ansible/2.9/reference_appendices/interpreter_discovery.html for more information.&quot;
]
}</system-out>
		</testcase>
		<testcase classname="/Users/ich/repos/chkpnt-mailserver/tests/tests/_prepare/client.yml:6" name="[client] Prepare client: shell _raw_params=&gt; ~/mail.err" time="0.333565">
			<system-out>{
&quot;changed&quot;: true,
&quot;cmd&quot;: &quot;&gt; ~/mail.err&quot;,
&quot;delta&quot;: &quot;0:00:00.002716&quot;,
&quot;end&quot;: &quot;2020-04-19 23:42:53.597620&quot;,
&quot;rc&quot;: 0,
&quot;start&quot;: &quot;2020-04-19 23:42:53.594904&quot;,
&quot;stderr&quot;: &quot;&quot;,
&quot;stderr_lines&quot;: [],
&quot;stdout&quot;: &quot;&quot;,
&quot;stdout_lines&quot;: []
}</system-out>
		</testcase>
		<testcase classname="/Users/ich/repos/chkpnt-mailserver/tests/tests/_prepare/client.yml:7" name="[client] Prepare client: shell _raw_params=&gt; ~/imap.log" time="0.340806">
			<system-out>{
&quot;changed&quot;: true,
&quot;cmd&quot;: &quot;&gt; ~/imap.log&quot;,
&quot;delta&quot;: &quot;0:00:00.002814&quot;,
&quot;end&quot;: &quot;2020-04-19 23:42:53.941419&quot;,
&quot;rc&quot;: 0,
&quot;start&quot;: &quot;2020-04-19 23:42:53.938605&quot;,
&quot;stderr&quot;: &quot;&quot;,
&quot;stderr_lines&quot;: [],
&quot;stdout&quot;: &quot;&quot;,
&quot;stdout_lines&quot;: []
}</system-out>
		</testcase>
		<testcase classname="/Users/ich/repos/chkpnt-mailserver/tests/tests/_prepare/client.yml:8" name="[client] Prepare client: shell _raw_params=&gt; /var/mail/vagrant" time="0.356934">
			<system-out>{
&quot;changed&quot;: true,
&quot;cmd&quot;: &quot;&gt; /var/mail/vagrant&quot;,
&quot;delta&quot;: &quot;0:00:00.003249&quot;,
&quot;end&quot;: &quot;2020-04-19 23:42:54.302686&quot;,
&quot;rc&quot;: 0,
&quot;start&quot;: &quot;2020-04-19 23:42:54.299437&quot;,
&quot;stderr&quot;: &quot;&quot;,
&quot;stderr_lines&quot;: [],
&quot;stdout&quot;: &quot;&quot;,
&quot;stdout_lines&quot;: []
}</system-out>
		</testcase>
		<testcase classname="/Users/ich/repos/chkpnt-mailserver/tests/tests/outgoing/EnsureNotBeingAnOpenRelayTest.yml:6" name="[client] client: Send test mail from client to mail-sink via SUT without authentication _raw_params=echo &quot;Test-Body&quot; | mailx -s &quot;Test&quot; -S smtp=smtp://sut.mydomain.test test@mail-sink.theirdomain.test 2&gt; ~/mail.err
" time="0.361971">
			<system-out>{
&quot;changed&quot;: true,
&quot;cmd&quot;: &quot;echo \&quot;Test-Body\&quot; | mailx -s \&quot;Test\&quot; -S smtp=smtp://sut.mydomain.test test@mail-sink.theirdomain.test 2&gt; ~/mail.err\n&quot;,
&quot;delta&quot;: &quot;0:00:00.013724&quot;,
&quot;end&quot;: &quot;2020-04-19 23:42:54.668414&quot;,
&quot;rc&quot;: 0,
&quot;start&quot;: &quot;2020-04-19 23:42:54.654690&quot;,
&quot;stderr&quot;: &quot;&quot;,
&quot;stderr_lines&quot;: [],
&quot;stdout&quot;: &quot;&quot;,
&quot;stdout_lines&quot;: []
}</system-out>
		</testcase>
		<testcase classname="/Users/ich/repos/chkpnt-mailserver/tests/tests/outgoing/EnsureNotBeingAnOpenRelayTest.yml:15" name="[client] Assert mail could not be sent: compare file=~/mail.err, with_content=smtp-server: 554 5.7.1 &lt;test@mail-sink.theirdomain.test&gt;: Relay access denied
. . . message not sent.
" time="0.482049">
			<system-out>{
&quot;changed&quot;: false,
&quot;meta&quot;: []
}</system-out>
		</testcase>
		<testcase classname="/Users/ich/repos/chkpnt-mailserver/tests/tests/outgoing/EnsureNotBeingAnOpenRelayTest.yml:20" name="[client] Assert mail could not be sent: compare file=~/dead.letter, with_content=Date: $$ .* $$
From: vagrant@client.localdomain
To: test@mail-sink.theirdomain.test
Subject: Test
...

Test-Body" time="0.325002">
			<system-out>{
&quot;changed&quot;: false,
&quot;meta&quot;: []
}</system-out>
		</testcase>
	</testsuite>
</testsuites>
