<?xml version="1.0" ?>
<testsuites disabled="0" errors="0" failures="0" tests="5" time="3.220672607421875">
	<testsuite disabled="0" errors="0" failures="0" name="MailCanBeSentFromClientWithAuthenticationTest" skipped="0" tests="5" time="3.220672607421875">
		<testcase classname="/Users/ich/repos/chkpnt-mailserver/tests/tests/_prepare/mail-sink.yml:5" name="[mail-sink] Prepare mail-sink: copy dest=/tmp/maildump, content=, owner=postfix, group=postfix, mode=644" time="1.175103">
			<system-out>{
&quot;ansible_facts&quot;: {
&quot;discovered_interpreter_python&quot;: &quot;/usr/bin/python&quot;
},
&quot;changed&quot;: true,
&quot;checksum&quot;: &quot;da39a3ee5e6b4b0d3255bfef95601890afd80709&quot;,
&quot;dest&quot;: &quot;/tmp/maildump&quot;,
&quot;gid&quot;: 51,
&quot;group&quot;: &quot;postfix&quot;,
&quot;md5sum&quot;: &quot;d41d8cd98f00b204e9800998ecf8427e&quot;,
&quot;mode&quot;: &quot;0644&quot;,
&quot;owner&quot;: &quot;postfix&quot;,
&quot;size&quot;: 0,
&quot;src&quot;: &quot;/home/vagrant/.ansible/tmp/ansible-tmp-1587332576.341516-44145-203398713965221/source&quot;,
&quot;state&quot;: &quot;file&quot;,
&quot;uid&quot;: 51,
&quot;warnings&quot;: [
&quot;Platform linux on host mail-sink is using the discovered Python interpreter at /usr/bin/python, but future installation of another Python interpreter could change this. See https://docs.ansible.com/ansible/2.9/reference_appendices/interpreter_discovery.html for more information.&quot;
]
}</system-out>
		</testcase>
		<testcase classname="/Users/ich/repos/chkpnt-mailserver/tests/tests/_prepare/mail-sink.yml:9" name="[mail-sink] Prepare mail-sink: shell _raw_params=&gt; /var/mail/vagrant" time="0.515849">
			<system-out>{
&quot;changed&quot;: true,
&quot;cmd&quot;: &quot;&gt; /var/mail/vagrant&quot;,
&quot;delta&quot;: &quot;0:00:00.002915&quot;,
&quot;end&quot;: &quot;2020-04-19 23:42:57.839311&quot;,
&quot;rc&quot;: 0,
&quot;start&quot;: &quot;2020-04-19 23:42:57.836396&quot;,
&quot;stderr&quot;: &quot;&quot;,
&quot;stderr_lines&quot;: [],
&quot;stdout&quot;: &quot;&quot;,
&quot;stdout_lines&quot;: []
}</system-out>
		</testcase>
		<testcase classname="/Users/ich/repos/chkpnt-mailserver/tests/tests/_prepare/mail-sink.yml:10" name="[mail-sink] Prepare mail-sink: shell _raw_params=&gt; /tmp/mailcheck" time="0.371235">
			<system-out>{
&quot;changed&quot;: true,
&quot;cmd&quot;: &quot;&gt; /tmp/mailcheck&quot;,
&quot;delta&quot;: &quot;0:00:00.002924&quot;,
&quot;end&quot;: &quot;2020-04-19 23:42:58.212781&quot;,
&quot;rc&quot;: 0,
&quot;start&quot;: &quot;2020-04-19 23:42:58.209857&quot;,
&quot;stderr&quot;: &quot;&quot;,
&quot;stderr_lines&quot;: [],
&quot;stdout&quot;: &quot;&quot;,
&quot;stdout_lines&quot;: []
}</system-out>
		</testcase>
		<testcase classname="/Users/ich/repos/chkpnt-mailserver/tests/tests/outgoing/MailCanBeSentFromClientWithAuthenticationTest.yml:6" name="[sut] sut: Send test mail from client to mail-sink via SUT with authentication _raw_params=echo &quot;Test-Body&quot; | mailx -s &quot;Test&quot; -r &quot;john.doe@mydomain.test&quot; -S ssl-verify=ignore -S smtp=smtps://sut.mydomain.test:465 -S smtp-auth=plain -S smtp-auth-user=john.doe@mydomain.test -S smtp-auth-password=changeme test@mail-sink.theirdomain.test
" time="0.683639">
			<system-out>{
&quot;ansible_facts&quot;: {
&quot;discovered_interpreter_python&quot;: &quot;/usr/bin/python&quot;
},
&quot;changed&quot;: true,
&quot;cmd&quot;: &quot;echo \&quot;Test-Body\&quot; | mailx -s \&quot;Test\&quot; -r \&quot;john.doe@mydomain.test\&quot; -S ssl-verify=ignore -S smtp=smtps://sut.mydomain.test:465 -S smtp-auth=plain -S smtp-auth-user=john.doe@mydomain.test -S smtp-auth-password=changeme test@mail-sink.theirdomain.test\n&quot;,
&quot;delta&quot;: &quot;0:00:00.178754&quot;,
&quot;end&quot;: &quot;2020-04-19 23:42:58.886285&quot;,
&quot;rc&quot;: 0,
&quot;start&quot;: &quot;2020-04-19 23:42:58.707531&quot;,
&quot;stderr&quot;: &quot;&quot;,
&quot;stderr_lines&quot;: [],
&quot;stdout&quot;: &quot;&quot;,
&quot;stdout_lines&quot;: [],
&quot;warnings&quot;: [
&quot;Platform linux on host sut is using the discovered Python interpreter at /usr/bin/python, but future installation of another Python interpreter could change this. See https://docs.ansible.com/ansible/2.9/reference_appendices/interpreter_discovery.html for more information.&quot;
]
}</system-out>
		</testcase>
		<testcase classname="/Users/ich/repos/chkpnt-mailserver/tests/tests/outgoing/MailCanBeSentFromClientWithAuthenticationTest.yml:18" name="[mail-sink] mail-sink: Assert mail has been received file=/tmp/maildump, with_content=...
Received: from sut.mydomain.test ([10.0.3.10])
$$ \t $$by smtp-sink (smtp-sink) with ESMTP id $$ .* $$;
...
Received: from sut.mydomain.test (sut.mydomain.test [127.0.0.1])
...
Date: $$ .* $$
From: john.doe@mydomain.test
To: test@mail-sink.theirdomain.test
Subject: Test
...

Test-Body

" time="0.474846">
			<system-out>{
&quot;changed&quot;: false,
&quot;meta&quot;: []
}</system-out>
		</testcase>
	</testsuite>
</testsuites>
