<?xml version="1.0" ?>
<testsuites disabled="0" errors="0" failures="0" tests="6" time="2.454629898071289">
	<testsuite disabled="0" errors="0" failures="0" name="RejectBecauseOfAccessTableTest" skipped="0" tests="6" time="2.454629898071289">
		<testcase classname="/Users/ich/repos/chkpnt-mailserver/tests/tests/_prepare/client.yml:5" name="[client] Prepare client: shell _raw_params=&gt; ~/dead.letter" time="0.579116">
			<system-out>{
&quot;ansible_facts&quot;: {
&quot;discovered_interpreter_python&quot;: &quot;/usr/bin/python&quot;
},
&quot;changed&quot;: true,
&quot;cmd&quot;: &quot;&gt; ~/dead.letter&quot;,
&quot;delta&quot;: &quot;0:00:00.002924&quot;,
&quot;end&quot;: &quot;2020-04-19 23:42:35.574347&quot;,
&quot;rc&quot;: 0,
&quot;start&quot;: &quot;2020-04-19 23:42:35.571423&quot;,
&quot;stderr&quot;: &quot;&quot;,
&quot;stderr_lines&quot;: [],
&quot;stdout&quot;: &quot;&quot;,
&quot;stdout_lines&quot;: [],
&quot;warnings&quot;: [
&quot;Platform linux on host client is using the discovered Python interpreter at /usr/bin/python, but future installation of another Python interpreter could change this. See https://docs.ansible.com/ansible/2.9/reference_appendices/interpreter_discovery.html for more information.&quot;
]
}</system-out>
		</testcase>
		<testcase classname="/Users/ich/repos/chkpnt-mailserver/tests/tests/_prepare/client.yml:6" name="[client] Prepare client: shell _raw_params=&gt; ~/mail.err" time="0.338728">
			<system-out>{
&quot;changed&quot;: true,
&quot;cmd&quot;: &quot;&gt; ~/mail.err&quot;,
&quot;delta&quot;: &quot;0:00:00.002988&quot;,
&quot;end&quot;: &quot;2020-04-19 23:42:35.914895&quot;,
&quot;rc&quot;: 0,
&quot;start&quot;: &quot;2020-04-19 23:42:35.911907&quot;,
&quot;stderr&quot;: &quot;&quot;,
&quot;stderr_lines&quot;: [],
&quot;stdout&quot;: &quot;&quot;,
&quot;stdout_lines&quot;: []
}</system-out>
		</testcase>
		<testcase classname="/Users/ich/repos/chkpnt-mailserver/tests/tests/_prepare/client.yml:7" name="[client] Prepare client: shell _raw_params=&gt; ~/imap.log" time="0.345974">
			<system-out>{
&quot;changed&quot;: true,
&quot;cmd&quot;: &quot;&gt; ~/imap.log&quot;,
&quot;delta&quot;: &quot;0:00:00.003542&quot;,
&quot;end&quot;: &quot;2020-04-19 23:42:36.265168&quot;,
&quot;rc&quot;: 0,
&quot;start&quot;: &quot;2020-04-19 23:42:36.261626&quot;,
&quot;stderr&quot;: &quot;&quot;,
&quot;stderr_lines&quot;: [],
&quot;stdout&quot;: &quot;&quot;,
&quot;stdout_lines&quot;: []
}</system-out>
		</testcase>
		<testcase classname="/Users/ich/repos/chkpnt-mailserver/tests/tests/_prepare/client.yml:8" name="[client] Prepare client: shell _raw_params=&gt; /var/mail/vagrant" time="0.336338">
			<system-out>{
&quot;changed&quot;: true,
&quot;cmd&quot;: &quot;&gt; /var/mail/vagrant&quot;,
&quot;delta&quot;: &quot;0:00:00.003255&quot;,
&quot;end&quot;: &quot;2020-04-19 23:42:36.609352&quot;,
&quot;rc&quot;: 0,
&quot;start&quot;: &quot;2020-04-19 23:42:36.606097&quot;,
&quot;stderr&quot;: &quot;&quot;,
&quot;stderr_lines&quot;: [],
&quot;stdout&quot;: &quot;&quot;,
&quot;stdout_lines&quot;: []
}</system-out>
		</testcase>
		<testcase classname="/Users/ich/repos/chkpnt-mailserver/tests/tests/incoming/RejectBecauseOfAccessTableTest.yml:6" name="[client] client: Send a mail from client to an address that is rejected _raw_params=echo &quot;Test-Body&quot; | mailx -s &quot;Test&quot; reject@mydomain.test" time="0.376359">
			<system-out>{
&quot;changed&quot;: true,
&quot;cmd&quot;: &quot;echo \&quot;Test-Body\&quot; | mailx -s \&quot;Test\&quot; reject@mydomain.test&quot;,
&quot;delta&quot;: &quot;0:00:00.022102&quot;,
&quot;end&quot;: &quot;2020-04-19 23:42:36.976602&quot;,
&quot;rc&quot;: 0,
&quot;start&quot;: &quot;2020-04-19 23:42:36.954500&quot;,
&quot;stderr&quot;: &quot;&quot;,
&quot;stderr_lines&quot;: [],
&quot;stdout&quot;: &quot;&quot;,
&quot;stdout_lines&quot;: []
}</system-out>
		</testcase>
		<testcase classname="/Users/ich/repos/chkpnt-mailserver/tests/tests/incoming/RejectBecauseOfAccessTableTest.yml:11" name="[client] client: Assert client has received a DSN containing reject informations file=/var/mail/vagrant, with_content=...
Remote-MTA: dns; sut.mydomain.test
Diagnostic-Code: smtp; 554 5.7.1 &lt;reject@mydomain.test&gt;: Recipient address
    rejected: This address is not supposed to receive mails!
..." time="0.478115">
			<system-out>{
&quot;changed&quot;: false,
&quot;meta&quot;: []
}</system-out>
		</testcase>
	</testsuite>
</testsuites>
